[07-Dec-2024 15:01:49 UTC] PHP Notice:  Trying to access array offset on value of type null in /Users/editweb2/Sites/01progetti-test/pac/wp-content/themes/my_structure/resources/cache/94365e804376b9771e5768408571249c1f7a9b2f.php on line 12
[07-Dec-2024 15:01:49 UTC] PHP Notice:  Trying to access array offset on value of type null in /Users/editweb2/Sites/01progetti-test/pac/wp-content/themes/my_structure/resources/cache/94365e804376b9771e5768408571249c1f7a9b2f.php on line 12
[07-Dec-2024 15:01:49 UTC] PHP Notice:  Trying to access array offset on value of type null in /Users/editweb2/Sites/01progetti-test/pac/wp-content/themes/my_structure/resources/cache/94365e804376b9771e5768408571249c1f7a9b2f.php on line 14
[07-Dec-2024 15:01:49 UTC] PHP Notice:  Trying to access array offset on value of type null in /Users/editweb2/Sites/01progetti-test/pac/wp-content/themes/my_structure/resources/cache/94365e804376b9771e5768408571249c1f7a9b2f.php on line 14
[07-Dec-2024 15:01:49 UTC] PHP Notice:  Trying to access array offset on value of type null in /Users/editweb2/Sites/01progetti-test/pac/wp-content/themes/my_structure/resources/cache/94365e804376b9771e5768408571249c1f7a9b2f.php on line 16
[07-Dec-2024 15:01:49 UTC] PHP Notice:  Trying to access array offset on value of type null in /Users/editweb2/Sites/01progetti-test/pac/wp-content/themes/my_structure/resources/cache/94365e804376b9771e5768408571249c1f7a9b2f.php on line 16
[07-Dec-2024 15:01:49 UTC] PHP Warning:  Illegal string offset 'url' in /Users/editweb2/Sites/01progetti-test/pac/wp-content/themes/my_structure/resources/cache/94365e804376b9771e5768408571249c1f7a9b2f.php on line 22
[07-Dec-2024 15:01:49 UTC] PHP Notice:  Uninitialized string offset: 0 in /Users/editweb2/Sites/01progetti-test/pac/wp-content/themes/my_structure/resources/cache/94365e804376b9771e5768408571249c1f7a9b2f.php on line 22
[07-Dec-2024 15:01:49 UTC] PHP Warning:  Illegal string offset 'title' in /Users/editweb2/Sites/01progetti-test/pac/wp-content/themes/my_structure/resources/cache/94365e804376b9771e5768408571249c1f7a9b2f.php on line 22
[07-Dec-2024 15:01:49 UTC] PHP Notice:  Uninitialized string offset: 0 in /Users/editweb2/Sites/01progetti-test/pac/wp-content/themes/my_structure/resources/cache/94365e804376b9771e5768408571249c1f7a9b2f.php on line 22
[07-Dec-2024 15:01:49 UTC] PHP Warning:  Illegal string offset 'url' in /Users/editweb2/Sites/01progetti-test/pac/wp-content/themes/my_structure/resources/cache/94365e804376b9771e5768408571249c1f7a9b2f.php on line 23
[07-Dec-2024 15:01:49 UTC] PHP Notice:  Uninitialized string offset: 0 in /Users/editweb2/Sites/01progetti-test/pac/wp-content/themes/my_structure/resources/cache/94365e804376b9771e5768408571249c1f7a9b2f.php on line 23
[07-Dec-2024 15:01:49 UTC] PHP Warning:  Illegal string offset 'title' in /Users/editweb2/Sites/01progetti-test/pac/wp-content/themes/my_structure/resources/cache/94365e804376b9771e5768408571249c1f7a9b2f.php on line 23
[07-Dec-2024 15:01:49 UTC] PHP Notice:  Uninitialized string offset: 0 in /Users/editweb2/Sites/01progetti-test/pac/wp-content/themes/my_structure/resources/cache/94365e804376b9771e5768408571249c1f7a9b2f.php on line 23
[07-Dec-2024 15:01:49 UTC] PHP Notice:  Trying to access array offset on value of type null in /Users/editweb2/Sites/01progetti-test/pac/wp-content/themes/my_structure/resources/cache/b287b9160a556bbfc4ad1ac36c618747caf82de0.php on line 8
[07-Dec-2024 15:01:49 UTC] PHP Notice:  Trying to access array offset on value of type null in /Users/editweb2/Sites/01progetti-test/pac/wp-content/themes/my_structure/resources/cache/b287b9160a556bbfc4ad1ac36c618747caf82de0.php on line 8
[07-Dec-2024 15:01:49 UTC] PHP Notice:  Trying to access array offset on value of type null in /Users/editweb2/Sites/01progetti-test/pac/wp-content/themes/my_structure/resources/cache/b287b9160a556bbfc4ad1ac36c618747caf82de0.php on line 8
[07-Dec-2024 15:01:49 UTC] PHP Notice:  Trying to access array offset on value of type null in /Users/editweb2/Sites/01progetti-test/pac/wp-content/themes/my_structure/resources/cache/b287b9160a556bbfc4ad1ac36c618747caf82de0.php on line 8
[07-Dec-2024 15:01:49 UTC] PHP Notice:  Trying to access array offset on value of type null in /Users/editweb2/Sites/01progetti-test/pac/wp-content/themes/my_structure/resources/cache/b287b9160a556bbfc4ad1ac36c618747caf82de0.php on line 8
[07-Dec-2024 15:01:49 UTC] PHP Notice:  Trying to access array offset on value of type null in /Users/editweb2/Sites/01progetti-test/pac/wp-content/themes/my_structure/resources/cache/b287b9160a556bbfc4ad1ac36c618747caf82de0.php on line 8
[07-Dec-2024 15:01:49 UTC] PHP Notice:  Trying to access array offset on value of type null in /Users/editweb2/Sites/01progetti-test/pac/wp-content/themes/my_structure/resources/cache/b287b9160a556bbfc4ad1ac36c618747caf82de0.php on line 8
[07-Dec-2024 15:01:49 UTC] PHP Notice:  Trying to access array offset on value of type null in /Users/editweb2/Sites/01progetti-test/pac/wp-content/themes/my_structure/resources/cache/b287b9160a556bbfc4ad1ac36c618747caf82de0.php on line 8
[07-Dec-2024 15:01:49 UTC] PHP Notice:  Trying to access array offset on value of type null in /Users/editweb2/Sites/01progetti-test/pac/wp-content/themes/my_structure/resources/cache/fd916225f5e17dc4b6c74688a46c02c810357c22.php on line 8
[07-Dec-2024 15:01:49 UTC] PHP Notice:  Trying to access array offset on value of type null in /Users/editweb2/Sites/01progetti-test/pac/wp-content/themes/my_structure/resources/cache/fd916225f5e17dc4b6c74688a46c02c810357c22.php on line 8
[07-Dec-2024 15:01:49 UTC] PHP Notice:  Trying to access array offset on value of type null in /Users/editweb2/Sites/01progetti-test/pac/wp-content/themes/my_structure/resources/cache/fd916225f5e17dc4b6c74688a46c02c810357c22.php on line 43
[07-Dec-2024 15:01:49 UTC] PHP Notice:  Trying to access array offset on value of type null in /Users/editweb2/Sites/01progetti-test/pac/wp-content/themes/my_structure/resources/cache/fd916225f5e17dc4b6c74688a46c02c810357c22.php on line 43
[07-Dec-2024 15:01:49 UTC] PHP Notice:  Trying to access array offset on value of type null in /Users/editweb2/Sites/01progetti-test/pac/wp-content/themes/my_structure/resources/cache/fd916225f5e17dc4b6c74688a46c02c810357c22.php on line 43
[07-Dec-2024 15:01:49 UTC] PHP Notice:  Trying to access array offset on value of type null in /Users/editweb2/Sites/01progetti-test/pac/wp-content/themes/my_structure/resources/cache/fd916225f5e17dc4b6c74688a46c02c810357c22.php on line 43
[07-Dec-2024 15:01:49 UTC] PHP Notice:  Trying to access array offset on value of type null in /Users/editweb2/Sites/01progetti-test/pac/wp-content/themes/my_structure/resources/cache/fd916225f5e17dc4b6c74688a46c02c810357c22.php on line 43
[07-Dec-2024 15:01:49 UTC] PHP Notice:  Trying to access array offset on value of type null in /Users/editweb2/Sites/01progetti-test/pac/wp-content/themes/my_structure/resources/cache/fd916225f5e17dc4b6c74688a46c02c810357c22.php on line 43
[07-Dec-2024 15:01:49 UTC] PHP Notice:  Trying to access array offset on value of type null in /Users/editweb2/Sites/01progetti-test/pac/wp-content/themes/my_structure/resources/cache/528343a06e348c4eac3b670a401baef1c358d7f9.php on line 3
[07-Dec-2024 15:01:50 UTC] PHP Warning:  Invalid argument supplied for foreach() in /Users/editweb2/Sites/01progetti-test/pac/wp-content/themes/my_structure/app/Widget/MenuWidget.php on line 32
[07-Dec-2024 15:01:56 UTC] PHP Notice:  Trying to access array offset on value of type null in /Users/editweb2/Sites/01progetti-test/pac/wp-content/themes/my_structure/resources/cache/94365e804376b9771e5768408571249c1f7a9b2f.php on line 12
[07-Dec-2024 15:01:56 UTC] PHP Notice:  Trying to access array offset on value of type null in /Users/editweb2/Sites/01progetti-test/pac/wp-content/themes/my_structure/resources/cache/94365e804376b9771e5768408571249c1f7a9b2f.php on line 12
[07-Dec-2024 15:01:56 UTC] PHP Notice:  Trying to access array offset on value of type null in /Users/editweb2/Sites/01progetti-test/pac/wp-content/themes/my_structure/resources/cache/94365e804376b9771e5768408571249c1f7a9b2f.php on line 14
[07-Dec-2024 15:01:56 UTC] PHP Notice:  Trying to access array offset on value of type null in /Users/editweb2/Sites/01progetti-test/pac/wp-content/themes/my_structure/resources/cache/94365e804376b9771e5768408571249c1f7a9b2f.php on line 14
[07-Dec-2024 15:01:56 UTC] PHP Notice:  Trying to access array offset on value of type null in /Users/editweb2/Sites/01progetti-test/pac/wp-content/themes/my_structure/resources/cache/94365e804376b9771e5768408571249c1f7a9b2f.php on line 16
[07-Dec-2024 15:01:56 UTC] PHP Notice:  Trying to access array offset on value of type null in /Users/editweb2/Sites/01progetti-test/pac/wp-content/themes/my_structure/resources/cache/94365e804376b9771e5768408571249c1f7a9b2f.php on line 16
[07-Dec-2024 15:01:56 UTC] PHP Warning:  Illegal string offset 'url' in /Users/editweb2/Sites/01progetti-test/pac/wp-content/themes/my_structure/resources/cache/94365e804376b9771e5768408571249c1f7a9b2f.php on line 22
[07-Dec-2024 15:01:56 UTC] PHP Notice:  Uninitialized string offset: 0 in /Users/editweb2/Sites/01progetti-test/pac/wp-content/themes/my_structure/resources/cache/94365e804376b9771e5768408571249c1f7a9b2f.php on line 22
[07-Dec-2024 15:01:56 UTC] PHP Warning:  Illegal string offset 'title' in /Users/editweb2/Sites/01progetti-test/pac/wp-content/themes/my_structure/resources/cache/94365e804376b9771e5768408571249c1f7a9b2f.php on line 22
[07-Dec-2024 15:01:56 UTC] PHP Notice:  Uninitialized string offset: 0 in /Users/editweb2/Sites/01progetti-test/pac/wp-content/themes/my_structure/resources/cache/94365e804376b9771e5768408571249c1f7a9b2f.php on line 22
[07-Dec-2024 15:01:56 UTC] PHP Warning:  Illegal string offset 'url' in /Users/editweb2/Sites/01progetti-test/pac/wp-content/themes/my_structure/resources/cache/94365e804376b9771e5768408571249c1f7a9b2f.php on line 23
[07-Dec-2024 15:01:56 UTC] PHP Notice:  Uninitialized string offset: 0 in /Users/editweb2/Sites/01progetti-test/pac/wp-content/themes/my_structure/resources/cache/94365e804376b9771e5768408571249c1f7a9b2f.php on line 23
[07-Dec-2024 15:01:56 UTC] PHP Warning:  Illegal string offset 'title' in /Users/editweb2/Sites/01progetti-test/pac/wp-content/themes/my_structure/resources/cache/94365e804376b9771e5768408571249c1f7a9b2f.php on line 23
[07-Dec-2024 15:01:56 UTC] PHP Notice:  Uninitialized string offset: 0 in /Users/editweb2/Sites/01progetti-test/pac/wp-content/themes/my_structure/resources/cache/94365e804376b9771e5768408571249c1f7a9b2f.php on line 23
[07-Dec-2024 15:01:56 UTC] PHP Notice:  Trying to access array offset on value of type null in /Users/editweb2/Sites/01progetti-test/pac/wp-content/themes/my_structure/resources/cache/b287b9160a556bbfc4ad1ac36c618747caf82de0.php on line 8
[07-Dec-2024 15:01:56 UTC] PHP Notice:  Trying to access array offset on value of type null in /Users/editweb2/Sites/01progetti-test/pac/wp-content/themes/my_structure/resources/cache/b287b9160a556bbfc4ad1ac36c618747caf82de0.php on line 8
[07-Dec-2024 15:01:56 UTC] PHP Notice:  Trying to access array offset on value of type null in /Users/editweb2/Sites/01progetti-test/pac/wp-content/themes/my_structure/resources/cache/b287b9160a556bbfc4ad1ac36c618747caf82de0.php on line 8
[07-Dec-2024 15:01:56 UTC] PHP Notice:  Trying to access array offset on value of type null in /Users/editweb2/Sites/01progetti-test/pac/wp-content/themes/my_structure/resources/cache/b287b9160a556bbfc4ad1ac36c618747caf82de0.php on line 8
[07-Dec-2024 15:01:56 UTC] PHP Notice:  Trying to access array offset on value of type null in /Users/editweb2/Sites/01progetti-test/pac/wp-content/themes/my_structure/resources/cache/b287b9160a556bbfc4ad1ac36c618747caf82de0.php on line 8
[07-Dec-2024 15:01:56 UTC] PHP Notice:  Trying to access array offset on value of type null in /Users/editweb2/Sites/01progetti-test/pac/wp-content/themes/my_structure/resources/cache/b287b9160a556bbfc4ad1ac36c618747caf82de0.php on line 8
[07-Dec-2024 15:01:56 UTC] PHP Notice:  Trying to access array offset on value of type null in /Users/editweb2/Sites/01progetti-test/pac/wp-content/themes/my_structure/resources/cache/b287b9160a556bbfc4ad1ac36c618747caf82de0.php on line 8
[07-Dec-2024 15:01:56 UTC] PHP Notice:  Trying to access array offset on value of type null in /Users/editweb2/Sites/01progetti-test/pac/wp-content/themes/my_structure/resources/cache/b287b9160a556bbfc4ad1ac36c618747caf82de0.php on line 8
[07-Dec-2024 15:01:56 UTC] PHP Notice:  Trying to access array offset on value of type null in /Users/editweb2/Sites/01progetti-test/pac/wp-content/themes/my_structure/resources/cache/fd916225f5e17dc4b6c74688a46c02c810357c22.php on line 8
[07-Dec-2024 15:01:56 UTC] PHP Notice:  Trying to access array offset on value of type null in /Users/editweb2/Sites/01progetti-test/pac/wp-content/themes/my_structure/resources/cache/fd916225f5e17dc4b6c74688a46c02c810357c22.php on line 8
[07-Dec-2024 15:01:56 UTC] PHP Notice:  Trying to access array offset on value of type null in /Users/editweb2/Sites/01progetti-test/pac/wp-content/themes/my_structure/resources/cache/fd916225f5e17dc4b6c74688a46c02c810357c22.php on line 43
[07-Dec-2024 15:01:56 UTC] PHP Notice:  Trying to access array offset on value of type null in /Users/editweb2/Sites/01progetti-test/pac/wp-content/themes/my_structure/resources/cache/fd916225f5e17dc4b6c74688a46c02c810357c22.php on line 43
[07-Dec-2024 15:01:56 UTC] PHP Notice:  Trying to access array offset on value of type null in /Users/editweb2/Sites/01progetti-test/pac/wp-content/themes/my_structure/resources/cache/fd916225f5e17dc4b6c74688a46c02c810357c22.php on line 43
[07-Dec-2024 15:01:56 UTC] PHP Notice:  Trying to access array offset on value of type null in /Users/editweb2/Sites/01progetti-test/pac/wp-content/themes/my_structure/resources/cache/fd916225f5e17dc4b6c74688a46c02c810357c22.php on line 43
[07-Dec-2024 15:01:56 UTC] PHP Notice:  Trying to access array offset on value of type null in /Users/editweb2/Sites/01progetti-test/pac/wp-content/themes/my_structure/resources/cache/fd916225f5e17dc4b6c74688a46c02c810357c22.php on line 43
[07-Dec-2024 15:01:56 UTC] PHP Notice:  Trying to access array offset on value of type null in /Users/editweb2/Sites/01progetti-test/pac/wp-content/themes/my_structure/resources/cache/fd916225f5e17dc4b6c74688a46c02c810357c22.php on line 43
[07-Dec-2024 15:01:56 UTC] PHP Notice:  Trying to access array offset on value of type null in /Users/editweb2/Sites/01progetti-test/pac/wp-content/themes/my_structure/resources/cache/528343a06e348c4eac3b670a401baef1c358d7f9.php on line 3
[07-Dec-2024 15:01:56 UTC] PHP Warning:  Invalid argument supplied for foreach() in /Users/editweb2/Sites/01progetti-test/pac/wp-content/themes/my_structure/app/Widget/MenuWidget.php on line 32
[07-Dec-2024 15:01:58 UTC] PHP Notice:  Trying to access array offset on value of type null in /Users/editweb2/Sites/01progetti-test/pac/wp-content/themes/my_structure/resources/cache/94365e804376b9771e5768408571249c1f7a9b2f.php on line 12
[07-Dec-2024 15:01:58 UTC] PHP Notice:  Trying to access array offset on value of type null in /Users/editweb2/Sites/01progetti-test/pac/wp-content/themes/my_structure/resources/cache/94365e804376b9771e5768408571249c1f7a9b2f.php on line 12
[07-Dec-2024 15:01:58 UTC] PHP Notice:  Trying to access array offset on value of type null in /Users/editweb2/Sites/01progetti-test/pac/wp-content/themes/my_structure/resources/cache/94365e804376b9771e5768408571249c1f7a9b2f.php on line 14
[07-Dec-2024 15:01:58 UTC] PHP Notice:  Trying to access array offset on value of type null in /Users/editweb2/Sites/01progetti-test/pac/wp-content/themes/my_structure/resources/cache/94365e804376b9771e5768408571249c1f7a9b2f.php on line 14
[07-Dec-2024 15:01:58 UTC] PHP Notice:  Trying to access array offset on value of type null in /Users/editweb2/Sites/01progetti-test/pac/wp-content/themes/my_structure/resources/cache/94365e804376b9771e5768408571249c1f7a9b2f.php on line 16
[07-Dec-2024 15:01:58 UTC] PHP Notice:  Trying to access array offset on value of type null in /Users/editweb2/Sites/01progetti-test/pac/wp-content/themes/my_structure/resources/cache/94365e804376b9771e5768408571249c1f7a9b2f.php on line 16
[07-Dec-2024 15:01:58 UTC] PHP Warning:  Illegal string offset 'url' in /Users/editweb2/Sites/01progetti-test/pac/wp-content/themes/my_structure/resources/cache/94365e804376b9771e5768408571249c1f7a9b2f.php on line 22
[07-Dec-2024 15:01:58 UTC] PHP Notice:  Uninitialized string offset: 0 in /Users/editweb2/Sites/01progetti-test/pac/wp-content/themes/my_structure/resources/cache/94365e804376b9771e5768408571249c1f7a9b2f.php on line 22
[07-Dec-2024 15:01:58 UTC] PHP Warning:  Illegal string offset 'title' in /Users/editweb2/Sites/01progetti-test/pac/wp-content/themes/my_structure/resources/cache/94365e804376b9771e5768408571249c1f7a9b2f.php on line 22
[07-Dec-2024 15:01:58 UTC] PHP Notice:  Uninitialized string offset: 0 in /Users/editweb2/Sites/01progetti-test/pac/wp-content/themes/my_structure/resources/cache/94365e804376b9771e5768408571249c1f7a9b2f.php on line 22
[07-Dec-2024 15:01:58 UTC] PHP Warning:  Illegal string offset 'url' in /Users/editweb2/Sites/01progetti-test/pac/wp-content/themes/my_structure/resources/cache/94365e804376b9771e5768408571249c1f7a9b2f.php on line 23
[07-Dec-2024 15:01:58 UTC] PHP Notice:  Uninitialized string offset: 0 in /Users/editweb2/Sites/01progetti-test/pac/wp-content/themes/my_structure/resources/cache/94365e804376b9771e5768408571249c1f7a9b2f.php on line 23
[07-Dec-2024 15:01:58 UTC] PHP Warning:  Illegal string offset 'title' in /Users/editweb2/Sites/01progetti-test/pac/wp-content/themes/my_structure/resources/cache/94365e804376b9771e5768408571249c1f7a9b2f.php on line 23
[07-Dec-2024 15:01:58 UTC] PHP Notice:  Uninitialized string offset: 0 in /Users/editweb2/Sites/01progetti-test/pac/wp-content/themes/my_structure/resources/cache/94365e804376b9771e5768408571249c1f7a9b2f.php on line 23
[07-Dec-2024 15:01:58 UTC] PHP Notice:  Trying to access array offset on value of type null in /Users/editweb2/Sites/01progetti-test/pac/wp-content/themes/my_structure/resources/cache/b287b9160a556bbfc4ad1ac36c618747caf82de0.php on line 8
[07-Dec-2024 15:01:58 UTC] PHP Notice:  Trying to access array offset on value of type null in /Users/editweb2/Sites/01progetti-test/pac/wp-content/themes/my_structure/resources/cache/b287b9160a556bbfc4ad1ac36c618747caf82de0.php on line 8
[07-Dec-2024 15:01:58 UTC] PHP Notice:  Trying to access array offset on value of type null in /Users/editweb2/Sites/01progetti-test/pac/wp-content/themes/my_structure/resources/cache/b287b9160a556bbfc4ad1ac36c618747caf82de0.php on line 8
[07-Dec-2024 15:01:58 UTC] PHP Notice:  Trying to access array offset on value of type null in /Users/editweb2/Sites/01progetti-test/pac/wp-content/themes/my_structure/resources/cache/b287b9160a556bbfc4ad1ac36c618747caf82de0.php on line 8
[07-Dec-2024 15:01:58 UTC] PHP Notice:  Trying to access array offset on value of type null in /Users/editweb2/Sites/01progetti-test/pac/wp-content/themes/my_structure/resources/cache/b287b9160a556bbfc4ad1ac36c618747caf82de0.php on line 8
[07-Dec-2024 15:01:58 UTC] PHP Notice:  Trying to access array offset on value of type null in /Users/editweb2/Sites/01progetti-test/pac/wp-content/themes/my_structure/resources/cache/b287b9160a556bbfc4ad1ac36c618747caf82de0.php on line 8
[07-Dec-2024 15:01:58 UTC] PHP Notice:  Trying to access array offset on value of type null in /Users/editweb2/Sites/01progetti-test/pac/wp-content/themes/my_structure/resources/cache/b287b9160a556bbfc4ad1ac36c618747caf82de0.php on line 8
[07-Dec-2024 15:01:58 UTC] PHP Notice:  Trying to access array offset on value of type null in /Users/editweb2/Sites/01progetti-test/pac/wp-content/themes/my_structure/resources/cache/b287b9160a556bbfc4ad1ac36c618747caf82de0.php on line 8
[07-Dec-2024 15:01:58 UTC] PHP Notice:  Trying to access array offset on value of type null in /Users/editweb2/Sites/01progetti-test/pac/wp-content/themes/my_structure/resources/cache/fd916225f5e17dc4b6c74688a46c02c810357c22.php on line 8
[07-Dec-2024 15:01:58 UTC] PHP Notice:  Trying to access array offset on value of type null in /Users/editweb2/Sites/01progetti-test/pac/wp-content/themes/my_structure/resources/cache/fd916225f5e17dc4b6c74688a46c02c810357c22.php on line 8
[07-Dec-2024 15:01:58 UTC] PHP Notice:  Trying to access array offset on value of type null in /Users/editweb2/Sites/01progetti-test/pac/wp-content/themes/my_structure/resources/cache/fd916225f5e17dc4b6c74688a46c02c810357c22.php on line 43
[07-Dec-2024 15:01:58 UTC] PHP Notice:  Trying to access array offset on value of type null in /Users/editweb2/Sites/01progetti-test/pac/wp-content/themes/my_structure/resources/cache/fd916225f5e17dc4b6c74688a46c02c810357c22.php on line 43
[07-Dec-2024 15:01:58 UTC] PHP Notice:  Trying to access array offset on value of type null in /Users/editweb2/Sites/01progetti-test/pac/wp-content/themes/my_structure/resources/cache/fd916225f5e17dc4b6c74688a46c02c810357c22.php on line 43
[07-Dec-2024 15:01:58 UTC] PHP Notice:  Trying to access array offset on value of type null in /Users/editweb2/Sites/01progetti-test/pac/wp-content/themes/my_structure/resources/cache/fd916225f5e17dc4b6c74688a46c02c810357c22.php on line 43
[07-Dec-2024 15:01:58 UTC] PHP Notice:  Trying to access array offset on value of type null in /Users/editweb2/Sites/01progetti-test/pac/wp-content/themes/my_structure/resources/cache/fd916225f5e17dc4b6c74688a46c02c810357c22.php on line 43
[07-Dec-2024 15:01:58 UTC] PHP Notice:  Trying to access array offset on value of type null in /Users/editweb2/Sites/01progetti-test/pac/wp-content/themes/my_structure/resources/cache/fd916225f5e17dc4b6c74688a46c02c810357c22.php on line 43
[07-Dec-2024 15:01:58 UTC] PHP Notice:  Trying to access array offset on value of type null in /Users/editweb2/Sites/01progetti-test/pac/wp-content/themes/my_structure/resources/cache/528343a06e348c4eac3b670a401baef1c358d7f9.php on line 3
[07-Dec-2024 15:01:58 UTC] PHP Warning:  Invalid argument supplied for foreach() in /Users/editweb2/Sites/01progetti-test/pac/wp-content/themes/my_structure/app/Widget/MenuWidget.php on line 32
[07-Dec-2024 15:09:56 UTC] Il manifest non è stato trovato: /Users/editweb2/Sites/01progetti-test/pac/wp-content/themes/my_structure/public/.vite/manifest.json
[07-Dec-2024 15:09:57 UTC] Il manifest non è stato trovato: /Users/editweb2/Sites/01progetti-test/pac/wp-content/themes/my_structure/public/.vite/manifest.json
[07-Dec-2024 17:16:57 UTC] PHP Notice:  Trying to access array offset on value of type null in /Users/editweb2/Sites/01progetti-test/pac/wp-content/themes/my_structure/resources/cache/94365e804376b9771e5768408571249c1f7a9b2f.php on line 18
[07-Dec-2024 17:16:57 UTC] PHP Notice:  Trying to access array offset on value of type null in /Users/editweb2/Sites/01progetti-test/pac/wp-content/themes/my_structure/resources/cache/94365e804376b9771e5768408571249c1f7a9b2f.php on line 18
[07-Dec-2024 17:16:57 UTC] PHP Notice:  Trying to access array offset on value of type null in /Users/editweb2/Sites/01progetti-test/pac/wp-content/themes/my_structure/resources/cache/94365e804376b9771e5768408571249c1f7a9b2f.php on line 19
[07-Dec-2024 17:16:57 UTC] PHP Notice:  Trying to access array offset on value of type null in /Users/editweb2/Sites/01progetti-test/pac/wp-content/themes/my_structure/resources/cache/94365e804376b9771e5768408571249c1f7a9b2f.php on line 19
[07-Dec-2024 17:25:54 UTC] PHP Notice:  Trying to access array offset on value of type null in /Users/editweb2/Sites/01progetti-test/pac/wp-content/themes/my_structure/resources/cache/94365e804376b9771e5768408571249c1f7a9b2f.php on line 23
[07-Dec-2024 17:25:54 UTC] PHP Notice:  Trying to access array offset on value of type null in /Users/editweb2/Sites/01progetti-test/pac/wp-content/themes/my_structure/resources/cache/94365e804376b9771e5768408571249c1f7a9b2f.php on line 23
